ARM GAS  /var/folders/_5/7dt5dlyd7598cb98063hl5tr0000gn/T//cc0ElJ2O.s 			page 1


   1              		.cpu cortex-m0
   2              		.arch armv6s-m
   3              		.fpu softvfp
   4              		.eabi_attribute 20, 1
   5              		.eabi_attribute 21, 1
   6              		.eabi_attribute 23, 3
   7              		.eabi_attribute 24, 1
   8              		.eabi_attribute 25, 1
   9              		.eabi_attribute 26, 1
  10              		.eabi_attribute 30, 1
  11              		.eabi_attribute 34, 0
  12              		.eabi_attribute 18, 4
  13              		.file	"main.c"
  14              		.text
  15              	.Ltext0:
  16              		.cfi_sections	.debug_frame
  17              		.file 1 "Core/Src/main.c"
  18              		.section	.text.MX_GPIO_Init,"ax",%progbits
  19              		.align	1
  20              		.syntax unified
  21              		.code	16
  22              		.thumb_func
  24              	MX_GPIO_Init:
  25              	.LFB44:
   1:Core/Src/main.c **** /* USER CODE BEGIN Header */
   2:Core/Src/main.c **** /**
   3:Core/Src/main.c ****  ******************************************************************************
   4:Core/Src/main.c ****  * @file           : main.c
   5:Core/Src/main.c ****  * @brief          : Main program body
   6:Core/Src/main.c ****  ******************************************************************************
   7:Core/Src/main.c ****  * @attention
   8:Core/Src/main.c ****  *
   9:Core/Src/main.c ****  * Copyright (c) 2023 STMicroelectronics.
  10:Core/Src/main.c ****  * All rights reserved.
  11:Core/Src/main.c ****  *
  12:Core/Src/main.c ****  * This software is licensed under terms that can be found in the LICENSE file
  13:Core/Src/main.c ****  * in the root directory of this software component.
  14:Core/Src/main.c ****  * If no LICENSE file comes with this software, it is provided AS-IS.
  15:Core/Src/main.c ****  *
  16:Core/Src/main.c ****  ******************************************************************************
  17:Core/Src/main.c ****  */
  18:Core/Src/main.c **** /* USER CODE END Header */
  19:Core/Src/main.c **** /* Includes ------------------------------------------------------------------*/
  20:Core/Src/main.c **** #include "main.h"
  21:Core/Src/main.c **** 
  22:Core/Src/main.c **** /* Private includes ----------------------------------------------------------*/
  23:Core/Src/main.c **** /* USER CODE BEGIN Includes */
  24:Core/Src/main.c **** #include "default_font.h"
  25:Core/Src/main.c **** #include "er_tft040.h"
  26:Core/Src/main.c **** // #include "test_pic.h"
  27:Core/Src/main.c **** /* USER CODE END Includes */
  28:Core/Src/main.c **** 
  29:Core/Src/main.c **** /* Private typedef -----------------------------------------------------------*/
  30:Core/Src/main.c **** /* USER CODE BEGIN PTD */
  31:Core/Src/main.c **** 
  32:Core/Src/main.c **** /* USER CODE END PTD */
  33:Core/Src/main.c **** 
ARM GAS  /var/folders/_5/7dt5dlyd7598cb98063hl5tr0000gn/T//cc0ElJ2O.s 			page 2


  34:Core/Src/main.c **** /* Private define ------------------------------------------------------------*/
  35:Core/Src/main.c **** /* USER CODE BEGIN PD */
  36:Core/Src/main.c **** /* USER CODE END PD */
  37:Core/Src/main.c **** 
  38:Core/Src/main.c **** /* Private macro -------------------------------------------------------------*/
  39:Core/Src/main.c **** /* USER CODE BEGIN PM */
  40:Core/Src/main.c **** 
  41:Core/Src/main.c **** /* USER CODE END PM */
  42:Core/Src/main.c **** 
  43:Core/Src/main.c **** /* Private variables ---------------------------------------------------------*/
  44:Core/Src/main.c **** I2C_HandleTypeDef hi2c2;
  45:Core/Src/main.c **** 
  46:Core/Src/main.c **** UART_HandleTypeDef huart1;
  47:Core/Src/main.c **** 
  48:Core/Src/main.c **** /* USER CODE BEGIN PV */
  49:Core/Src/main.c **** 
  50:Core/Src/main.c **** /* USER CODE END PV */
  51:Core/Src/main.c **** 
  52:Core/Src/main.c **** /* Private function prototypes -----------------------------------------------*/
  53:Core/Src/main.c **** void SystemClock_Config(void);
  54:Core/Src/main.c **** static void MX_GPIO_Init(void);
  55:Core/Src/main.c **** static void MX_I2C2_Init(void);
  56:Core/Src/main.c **** static void MX_USART1_UART_Init(void);
  57:Core/Src/main.c **** /* USER CODE BEGIN PFP */
  58:Core/Src/main.c **** 
  59:Core/Src/main.c **** /* USER CODE END PFP */
  60:Core/Src/main.c **** 
  61:Core/Src/main.c **** /* Private user code ---------------------------------------------------------*/
  62:Core/Src/main.c **** /* USER CODE BEGIN 0 */
  63:Core/Src/main.c **** 
  64:Core/Src/main.c **** /* USER CODE END 0 */
  65:Core/Src/main.c **** 
  66:Core/Src/main.c **** /**
  67:Core/Src/main.c ****  * @brief  The application entry point.
  68:Core/Src/main.c ****  * @retval int
  69:Core/Src/main.c ****  */
  70:Core/Src/main.c **** int main(void) {
  71:Core/Src/main.c ****     /* USER CODE BEGIN 1 */
  72:Core/Src/main.c **** 
  73:Core/Src/main.c ****     /* USER CODE END 1 */
  74:Core/Src/main.c **** 
  75:Core/Src/main.c ****     /* MCU Configuration--------------------------------------------------------*/
  76:Core/Src/main.c **** 
  77:Core/Src/main.c ****     /* Reset of all peripherals, Initializes the Flash interface and the Systick. */
  78:Core/Src/main.c ****     HAL_Init();
  79:Core/Src/main.c **** 
  80:Core/Src/main.c ****     /* USER CODE BEGIN Init */
  81:Core/Src/main.c **** 
  82:Core/Src/main.c ****     /* USER CODE END Init */
  83:Core/Src/main.c **** 
  84:Core/Src/main.c ****     /* Configure the system clock */
  85:Core/Src/main.c ****     SystemClock_Config();
  86:Core/Src/main.c **** 
  87:Core/Src/main.c ****     /* USER CODE BEGIN SysInit */
  88:Core/Src/main.c **** 
  89:Core/Src/main.c ****     /* USER CODE END SysInit */
  90:Core/Src/main.c **** 
ARM GAS  /var/folders/_5/7dt5dlyd7598cb98063hl5tr0000gn/T//cc0ElJ2O.s 			page 3


  91:Core/Src/main.c ****     /* Initialize all configured peripherals */
  92:Core/Src/main.c ****     MX_GPIO_Init();
  93:Core/Src/main.c ****     MX_I2C2_Init();
  94:Core/Src/main.c ****     MX_USART1_UART_Init();
  95:Core/Src/main.c ****     /* USER CODE BEGIN 2 */
  96:Core/Src/main.c **** 
  97:Core/Src/main.c ****     /* USER CODE END 2 */
  98:Core/Src/main.c **** 
  99:Core/Src/main.c ****     /* Infinite loop */
 100:Core/Src/main.c ****     /* USER CODE BEGIN WHILE */
 101:Core/Src/main.c ****     ER_TFT040_init();
 102:Core/Src/main.c ****     ER_TFT040_textTest(defaultFont);
 103:Core/Src/main.c **** 
 104:Core/Src/main.c ****     // for (uint8_t i = 0; i < 4; i++) {
 105:Core/Src/main.c ****     //     for (uint8_t j = 0; j < 4; j++) {
 106:Core/Src/main.c ****     //         ER_TFT040_drawPicture(200 * i, 120 * j, 200, 120, PIC);
 107:Core/Src/main.c ****     //     }
 108:Core/Src/main.c ****     // }
 109:Core/Src/main.c **** 
 110:Core/Src/main.c ****     HAL_Delay(1000);
 111:Core/Src/main.c **** 
 112:Core/Src/main.c ****     while (1) {
 113:Core/Src/main.c ****         /* USER CODE END WHILE */
 114:Core/Src/main.c **** 
 115:Core/Src/main.c ****         /* USER CODE BEGIN 3 */
 116:Core/Src/main.c ****     }
 117:Core/Src/main.c ****     /* USER CODE END 3 */
 118:Core/Src/main.c **** }
 119:Core/Src/main.c **** 
 120:Core/Src/main.c **** /**
 121:Core/Src/main.c ****  * @brief System Clock Configuration
 122:Core/Src/main.c ****  * @retval None
 123:Core/Src/main.c ****  */
 124:Core/Src/main.c **** void SystemClock_Config(void) {
 125:Core/Src/main.c ****     RCC_OscInitTypeDef RCC_OscInitStruct = {0};
 126:Core/Src/main.c ****     RCC_ClkInitTypeDef RCC_ClkInitStruct = {0};
 127:Core/Src/main.c ****     RCC_PeriphCLKInitTypeDef PeriphClkInit = {0};
 128:Core/Src/main.c **** 
 129:Core/Src/main.c ****     /** Initializes the RCC Oscillators according to the specified parameters
 130:Core/Src/main.c ****      * in the RCC_OscInitTypeDef structure.
 131:Core/Src/main.c ****      */
 132:Core/Src/main.c ****     RCC_OscInitStruct.OscillatorType = RCC_OSCILLATORTYPE_HSE;
 133:Core/Src/main.c ****     RCC_OscInitStruct.HSEState = RCC_HSE_ON;
 134:Core/Src/main.c ****     RCC_OscInitStruct.PLL.PLLState = RCC_PLL_ON;
 135:Core/Src/main.c ****     RCC_OscInitStruct.PLL.PLLSource = RCC_PLLSOURCE_HSE;
 136:Core/Src/main.c ****     RCC_OscInitStruct.PLL.PLLMUL = RCC_PLL_MUL6;
 137:Core/Src/main.c ****     RCC_OscInitStruct.PLL.PREDIV = RCC_PREDIV_DIV1;
 138:Core/Src/main.c ****     if (HAL_RCC_OscConfig(&RCC_OscInitStruct) != HAL_OK) {
 139:Core/Src/main.c ****         Error_Handler();
 140:Core/Src/main.c ****     }
 141:Core/Src/main.c **** 
 142:Core/Src/main.c ****     /** Initializes the CPU, AHB and APB buses clocks
 143:Core/Src/main.c ****      */
 144:Core/Src/main.c ****     RCC_ClkInitStruct.ClockType = RCC_CLOCKTYPE_HCLK | RCC_CLOCKTYPE_SYSCLK | RCC_CLOCKTYPE_PCLK1;
 145:Core/Src/main.c ****     RCC_ClkInitStruct.SYSCLKSource = RCC_SYSCLKSOURCE_PLLCLK;
 146:Core/Src/main.c ****     RCC_ClkInitStruct.AHBCLKDivider = RCC_SYSCLK_DIV1;
 147:Core/Src/main.c ****     RCC_ClkInitStruct.APB1CLKDivider = RCC_HCLK_DIV1;
ARM GAS  /var/folders/_5/7dt5dlyd7598cb98063hl5tr0000gn/T//cc0ElJ2O.s 			page 4


 148:Core/Src/main.c **** 
 149:Core/Src/main.c ****     if (HAL_RCC_ClockConfig(&RCC_ClkInitStruct, FLASH_LATENCY_1) != HAL_OK) {
 150:Core/Src/main.c ****         Error_Handler();
 151:Core/Src/main.c ****     }
 152:Core/Src/main.c ****     PeriphClkInit.PeriphClockSelection = RCC_PERIPHCLK_USART1;
 153:Core/Src/main.c ****     PeriphClkInit.Usart1ClockSelection = RCC_USART1CLKSOURCE_PCLK1;
 154:Core/Src/main.c ****     if (HAL_RCCEx_PeriphCLKConfig(&PeriphClkInit) != HAL_OK) {
 155:Core/Src/main.c ****         Error_Handler();
 156:Core/Src/main.c ****     }
 157:Core/Src/main.c **** }
 158:Core/Src/main.c **** 
 159:Core/Src/main.c **** /**
 160:Core/Src/main.c ****  * @brief I2C2 Initialization Function
 161:Core/Src/main.c ****  * @param None
 162:Core/Src/main.c ****  * @retval None
 163:Core/Src/main.c ****  */
 164:Core/Src/main.c **** static void MX_I2C2_Init(void) {
 165:Core/Src/main.c ****     /* USER CODE BEGIN I2C2_Init 0 */
 166:Core/Src/main.c **** 
 167:Core/Src/main.c ****     /* USER CODE END I2C2_Init 0 */
 168:Core/Src/main.c **** 
 169:Core/Src/main.c ****     /* USER CODE BEGIN I2C2_Init 1 */
 170:Core/Src/main.c **** 
 171:Core/Src/main.c ****     /* USER CODE END I2C2_Init 1 */
 172:Core/Src/main.c ****     hi2c2.Instance = I2C2;
 173:Core/Src/main.c ****     hi2c2.Init.Timing = 0x20303E5D;
 174:Core/Src/main.c ****     hi2c2.Init.OwnAddress1 = 0;
 175:Core/Src/main.c ****     hi2c2.Init.AddressingMode = I2C_ADDRESSINGMODE_7BIT;
 176:Core/Src/main.c ****     hi2c2.Init.DualAddressMode = I2C_DUALADDRESS_DISABLE;
 177:Core/Src/main.c ****     hi2c2.Init.OwnAddress2 = 0;
 178:Core/Src/main.c ****     hi2c2.Init.OwnAddress2Masks = I2C_OA2_NOMASK;
 179:Core/Src/main.c ****     hi2c2.Init.GeneralCallMode = I2C_GENERALCALL_DISABLE;
 180:Core/Src/main.c ****     hi2c2.Init.NoStretchMode = I2C_NOSTRETCH_DISABLE;
 181:Core/Src/main.c ****     if (HAL_I2C_Init(&hi2c2) != HAL_OK) {
 182:Core/Src/main.c ****         Error_Handler();
 183:Core/Src/main.c ****     }
 184:Core/Src/main.c **** 
 185:Core/Src/main.c ****     /** Configure Analogue filter
 186:Core/Src/main.c ****      */
 187:Core/Src/main.c ****     if (HAL_I2CEx_ConfigAnalogFilter(&hi2c2, I2C_ANALOGFILTER_ENABLE) != HAL_OK) {
 188:Core/Src/main.c ****         Error_Handler();
 189:Core/Src/main.c ****     }
 190:Core/Src/main.c **** 
 191:Core/Src/main.c ****     /** Configure Digital filter
 192:Core/Src/main.c ****      */
 193:Core/Src/main.c ****     if (HAL_I2CEx_ConfigDigitalFilter(&hi2c2, 0) != HAL_OK) {
 194:Core/Src/main.c ****         Error_Handler();
 195:Core/Src/main.c ****     }
 196:Core/Src/main.c ****     /* USER CODE BEGIN I2C2_Init 2 */
 197:Core/Src/main.c **** 
 198:Core/Src/main.c ****     /* USER CODE END I2C2_Init 2 */
 199:Core/Src/main.c **** }
 200:Core/Src/main.c **** 
 201:Core/Src/main.c **** /**
 202:Core/Src/main.c ****  * @brief USART1 Initialization Function
 203:Core/Src/main.c ****  * @param None
 204:Core/Src/main.c ****  * @retval None
ARM GAS  /var/folders/_5/7dt5dlyd7598cb98063hl5tr0000gn/T//cc0ElJ2O.s 			page 5


 205:Core/Src/main.c ****  */
 206:Core/Src/main.c **** static void MX_USART1_UART_Init(void) {
 207:Core/Src/main.c ****     /* USER CODE BEGIN USART1_Init 0 */
 208:Core/Src/main.c **** 
 209:Core/Src/main.c ****     /* USER CODE END USART1_Init 0 */
 210:Core/Src/main.c **** 
 211:Core/Src/main.c ****     /* USER CODE BEGIN USART1_Init 1 */
 212:Core/Src/main.c **** 
 213:Core/Src/main.c ****     /* USER CODE END USART1_Init 1 */
 214:Core/Src/main.c ****     huart1.Instance = USART1;
 215:Core/Src/main.c ****     huart1.Init.BaudRate = 38400;
 216:Core/Src/main.c ****     huart1.Init.WordLength = UART_WORDLENGTH_8B;
 217:Core/Src/main.c ****     huart1.Init.StopBits = UART_STOPBITS_1;
 218:Core/Src/main.c ****     huart1.Init.Parity = UART_PARITY_NONE;
 219:Core/Src/main.c ****     huart1.Init.Mode = UART_MODE_TX_RX;
 220:Core/Src/main.c ****     huart1.Init.HwFlowCtl = UART_HWCONTROL_NONE;
 221:Core/Src/main.c ****     huart1.Init.OverSampling = UART_OVERSAMPLING_16;
 222:Core/Src/main.c ****     huart1.Init.OneBitSampling = UART_ONE_BIT_SAMPLE_DISABLE;
 223:Core/Src/main.c ****     huart1.AdvancedInit.AdvFeatureInit = UART_ADVFEATURE_NO_INIT;
 224:Core/Src/main.c ****     if (HAL_UART_Init(&huart1) != HAL_OK) {
 225:Core/Src/main.c ****         Error_Handler();
 226:Core/Src/main.c ****     }
 227:Core/Src/main.c ****     /* USER CODE BEGIN USART1_Init 2 */
 228:Core/Src/main.c **** 
 229:Core/Src/main.c ****     /* USER CODE END USART1_Init 2 */
 230:Core/Src/main.c **** }
 231:Core/Src/main.c **** 
 232:Core/Src/main.c **** /**
 233:Core/Src/main.c ****  * @brief GPIO Initialization Function
 234:Core/Src/main.c ****  * @param None
 235:Core/Src/main.c ****  * @retval None
 236:Core/Src/main.c ****  */
 237:Core/Src/main.c **** static void MX_GPIO_Init(void) {
  26              		.loc 1 237 32 view -0
  27              		.cfi_startproc
  28              		@ args = 0, pretend = 0, frame = 40
  29              		@ frame_needed = 0, uses_anonymous_args = 0
  30 0000 F0B5     		push	{r4, r5, r6, r7, lr}
  31              		.cfi_def_cfa_offset 20
  32              		.cfi_offset 4, -20
  33              		.cfi_offset 5, -16
  34              		.cfi_offset 6, -12
  35              		.cfi_offset 7, -8
  36              		.cfi_offset 14, -4
  37 0002 D646     		mov	lr, r10
  38 0004 4F46     		mov	r7, r9
  39 0006 4646     		mov	r6, r8
  40 0008 C0B5     		push	{r6, r7, lr}
  41              		.cfi_def_cfa_offset 32
  42              		.cfi_offset 8, -32
  43              		.cfi_offset 9, -28
  44              		.cfi_offset 10, -24
  45 000a 8AB0     		sub	sp, sp, #40
  46              		.cfi_def_cfa_offset 72
 238:Core/Src/main.c ****     GPIO_InitTypeDef GPIO_InitStruct = {0};
  47              		.loc 1 238 5 view .LVU1
  48              		.loc 1 238 22 is_stmt 0 view .LVU2
ARM GAS  /var/folders/_5/7dt5dlyd7598cb98063hl5tr0000gn/T//cc0ElJ2O.s 			page 6


  49 000c 1422     		movs	r2, #20
  50 000e 0021     		movs	r1, #0
  51 0010 05A8     		add	r0, sp, #20
  52 0012 FFF7FEFF 		bl	memset
  53              	.LVL0:
 239:Core/Src/main.c ****     /* USER CODE BEGIN MX_GPIO_Init_1 */
 240:Core/Src/main.c ****     /* USER CODE END MX_GPIO_Init_1 */
 241:Core/Src/main.c **** 
 242:Core/Src/main.c ****     /* GPIO Ports Clock Enable */
 243:Core/Src/main.c ****     __HAL_RCC_GPIOF_CLK_ENABLE();
  54              		.loc 1 243 5 is_stmt 1 view .LVU3
  55              	.LBB4:
  56              		.loc 1 243 5 view .LVU4
  57              		.loc 1 243 5 view .LVU5
  58 0016 304B     		ldr	r3, .L2
  59 0018 5A69     		ldr	r2, [r3, #20]
  60 001a 8021     		movs	r1, #128
  61 001c C903     		lsls	r1, r1, #15
  62 001e 0A43     		orrs	r2, r1
  63 0020 5A61     		str	r2, [r3, #20]
  64              		.loc 1 243 5 view .LVU6
  65 0022 5A69     		ldr	r2, [r3, #20]
  66 0024 0A40     		ands	r2, r1
  67 0026 0192     		str	r2, [sp, #4]
  68              		.loc 1 243 5 view .LVU7
  69 0028 019A     		ldr	r2, [sp, #4]
  70              	.LBE4:
  71              		.loc 1 243 5 view .LVU8
 244:Core/Src/main.c ****     __HAL_RCC_GPIOB_CLK_ENABLE();
  72              		.loc 1 244 5 view .LVU9
  73              	.LBB5:
  74              		.loc 1 244 5 view .LVU10
  75              		.loc 1 244 5 view .LVU11
  76 002a 5A69     		ldr	r2, [r3, #20]
  77 002c 8021     		movs	r1, #128
  78 002e C902     		lsls	r1, r1, #11
  79 0030 0A43     		orrs	r2, r1
  80 0032 5A61     		str	r2, [r3, #20]
  81              		.loc 1 244 5 view .LVU12
  82 0034 5A69     		ldr	r2, [r3, #20]
  83 0036 0A40     		ands	r2, r1
  84 0038 0292     		str	r2, [sp, #8]
  85              		.loc 1 244 5 view .LVU13
  86 003a 029A     		ldr	r2, [sp, #8]
  87              	.LBE5:
  88              		.loc 1 244 5 view .LVU14
 245:Core/Src/main.c ****     __HAL_RCC_GPIOC_CLK_ENABLE();
  89              		.loc 1 245 5 view .LVU15
  90              	.LBB6:
  91              		.loc 1 245 5 view .LVU16
  92              		.loc 1 245 5 view .LVU17
  93 003c 5A69     		ldr	r2, [r3, #20]
  94 003e 8021     		movs	r1, #128
  95 0040 0903     		lsls	r1, r1, #12
  96 0042 0A43     		orrs	r2, r1
  97 0044 5A61     		str	r2, [r3, #20]
  98              		.loc 1 245 5 view .LVU18
ARM GAS  /var/folders/_5/7dt5dlyd7598cb98063hl5tr0000gn/T//cc0ElJ2O.s 			page 7


  99 0046 5A69     		ldr	r2, [r3, #20]
 100 0048 0A40     		ands	r2, r1
 101 004a 0392     		str	r2, [sp, #12]
 102              		.loc 1 245 5 view .LVU19
 103 004c 039A     		ldr	r2, [sp, #12]
 104              	.LBE6:
 105              		.loc 1 245 5 view .LVU20
 246:Core/Src/main.c ****     __HAL_RCC_GPIOA_CLK_ENABLE();
 106              		.loc 1 246 5 view .LVU21
 107              	.LBB7:
 108              		.loc 1 246 5 view .LVU22
 109              		.loc 1 246 5 view .LVU23
 110 004e 5A69     		ldr	r2, [r3, #20]
 111 0050 8021     		movs	r1, #128
 112 0052 8902     		lsls	r1, r1, #10
 113 0054 0A43     		orrs	r2, r1
 114 0056 5A61     		str	r2, [r3, #20]
 115              		.loc 1 246 5 view .LVU24
 116 0058 5B69     		ldr	r3, [r3, #20]
 117 005a 0B40     		ands	r3, r1
 118 005c 0493     		str	r3, [sp, #16]
 119              		.loc 1 246 5 view .LVU25
 120 005e 049B     		ldr	r3, [sp, #16]
 121              	.LBE7:
 122              		.loc 1 246 5 view .LVU26
 247:Core/Src/main.c **** 
 248:Core/Src/main.c ****     /*Configure GPIO pin Output Level */
 249:Core/Src/main.c ****     HAL_GPIO_WritePin(GPIOB,
 123              		.loc 1 249 5 view .LVU27
 124 0060 1E4C     		ldr	r4, .L2+4
 125 0062 1F4B     		ldr	r3, .L2+8
 126 0064 9A46     		mov	r10, r3
 127 0066 0022     		movs	r2, #0
 128 0068 2100     		movs	r1, r4
 129 006a 1800     		movs	r0, r3
 130 006c FFF7FEFF 		bl	HAL_GPIO_WritePin
 131              	.LVL1:
 250:Core/Src/main.c ****                       DATA_0_Pin | DATA_1_Pin | DATA_2_Pin | DATA_10_Pin | DATA_11_Pin | DATA_12_Pi
 251:Core/Src/main.c ****                           DATA_14_Pin | DATA_15_Pin | DATA_3_Pin | DATA_4_Pin | DATA_5_Pin | DATA_6
 252:Core/Src/main.c ****                           DATA_8_Pin | DATA_9_Pin,
 253:Core/Src/main.c ****                       GPIO_PIN_RESET);
 254:Core/Src/main.c **** 
 255:Core/Src/main.c ****     /*Configure GPIO pin Output Level */
 256:Core/Src/main.c ****     HAL_GPIO_WritePin(GPIOC, DISPLAY_RESET_Pin | DISPLAY_CSX_Pin | DISPLAY_DC_Pin, GPIO_PIN_RESET);
 132              		.loc 1 256 5 view .LVU28
 133 0070 E023     		movs	r3, #224
 134 0072 5B00     		lsls	r3, r3, #1
 135 0074 9946     		mov	r9, r3
 136 0076 1B4B     		ldr	r3, .L2+12
 137 0078 9846     		mov	r8, r3
 138 007a 0022     		movs	r2, #0
 139 007c 4946     		mov	r1, r9
 140 007e 1800     		movs	r0, r3
 141 0080 FFF7FEFF 		bl	HAL_GPIO_WritePin
 142              	.LVL2:
 257:Core/Src/main.c **** 
 258:Core/Src/main.c ****     /*Configure GPIO pin Output Level */
ARM GAS  /var/folders/_5/7dt5dlyd7598cb98063hl5tr0000gn/T//cc0ElJ2O.s 			page 8


 259:Core/Src/main.c ****     HAL_GPIO_WritePin(GPIOA, DISPLAY_WR_Pin | DISPLAY_RD_Pin, GPIO_PIN_RESET);
 143              		.loc 1 259 5 view .LVU29
 144 0084 C027     		movs	r7, #192
 145 0086 7F01     		lsls	r7, r7, #5
 146 0088 9026     		movs	r6, #144
 147 008a F605     		lsls	r6, r6, #23
 148 008c 0022     		movs	r2, #0
 149 008e 3900     		movs	r1, r7
 150 0090 3000     		movs	r0, r6
 151 0092 FFF7FEFF 		bl	HAL_GPIO_WritePin
 152              	.LVL3:
 260:Core/Src/main.c **** 
 261:Core/Src/main.c ****     /*Configure GPIO pins : DATA_0_Pin DATA_1_Pin DATA_2_Pin DATA_10_Pin
 262:Core/Src/main.c ****                              DATA_11_Pin DATA_12_Pin DATA_13_Pin DATA_14_Pin
 263:Core/Src/main.c ****                              DATA_15_Pin DATA_3_Pin DATA_4_Pin DATA_5_Pin
 264:Core/Src/main.c ****                              DATA_6_Pin DATA_7_Pin DATA_8_Pin DATA_9_Pin */
 265:Core/Src/main.c ****     GPIO_InitStruct.Pin = DATA_0_Pin | DATA_1_Pin | DATA_2_Pin | DATA_10_Pin | DATA_11_Pin | DATA_1
 153              		.loc 1 265 5 view .LVU30
 154              		.loc 1 265 25 is_stmt 0 view .LVU31
 155 0096 0594     		str	r4, [sp, #20]
 266:Core/Src/main.c ****                           DATA_14_Pin | DATA_15_Pin | DATA_3_Pin | DATA_4_Pin | DATA_5_Pin | DATA_6
 267:Core/Src/main.c ****                           DATA_8_Pin | DATA_9_Pin;
 268:Core/Src/main.c ****     GPIO_InitStruct.Mode = GPIO_MODE_OUTPUT_PP;
 156              		.loc 1 268 5 is_stmt 1 view .LVU32
 157              		.loc 1 268 26 is_stmt 0 view .LVU33
 158 0098 0125     		movs	r5, #1
 159 009a 0695     		str	r5, [sp, #24]
 269:Core/Src/main.c ****     GPIO_InitStruct.Pull = GPIO_NOPULL;
 160              		.loc 1 269 5 is_stmt 1 view .LVU34
 161              		.loc 1 269 26 is_stmt 0 view .LVU35
 162 009c 0024     		movs	r4, #0
 163 009e 0794     		str	r4, [sp, #28]
 270:Core/Src/main.c ****     GPIO_InitStruct.Speed = GPIO_SPEED_FREQ_LOW;
 164              		.loc 1 270 5 is_stmt 1 view .LVU36
 165              		.loc 1 270 27 is_stmt 0 view .LVU37
 166 00a0 0894     		str	r4, [sp, #32]
 271:Core/Src/main.c ****     HAL_GPIO_Init(GPIOB, &GPIO_InitStruct);
 167              		.loc 1 271 5 is_stmt 1 view .LVU38
 168 00a2 05A9     		add	r1, sp, #20
 169 00a4 5046     		mov	r0, r10
 170 00a6 FFF7FEFF 		bl	HAL_GPIO_Init
 171              	.LVL4:
 272:Core/Src/main.c **** 
 273:Core/Src/main.c ****     /*Configure GPIO pins : DISPLAY_RESET_Pin DISPLAY_CSX_Pin DISPLAY_DC_Pin */
 274:Core/Src/main.c ****     GPIO_InitStruct.Pin = DISPLAY_RESET_Pin | DISPLAY_CSX_Pin | DISPLAY_DC_Pin;
 172              		.loc 1 274 5 view .LVU39
 173              		.loc 1 274 25 is_stmt 0 view .LVU40
 174 00aa 4B46     		mov	r3, r9
 175 00ac 0593     		str	r3, [sp, #20]
 275:Core/Src/main.c ****     GPIO_InitStruct.Mode = GPIO_MODE_OUTPUT_PP;
 176              		.loc 1 275 5 is_stmt 1 view .LVU41
 177              		.loc 1 275 26 is_stmt 0 view .LVU42
 178 00ae 0695     		str	r5, [sp, #24]
 276:Core/Src/main.c ****     GPIO_InitStruct.Pull = GPIO_NOPULL;
 179              		.loc 1 276 5 is_stmt 1 view .LVU43
 180              		.loc 1 276 26 is_stmt 0 view .LVU44
 181 00b0 0794     		str	r4, [sp, #28]
ARM GAS  /var/folders/_5/7dt5dlyd7598cb98063hl5tr0000gn/T//cc0ElJ2O.s 			page 9


 277:Core/Src/main.c ****     GPIO_InitStruct.Speed = GPIO_SPEED_FREQ_LOW;
 182              		.loc 1 277 5 is_stmt 1 view .LVU45
 183              		.loc 1 277 27 is_stmt 0 view .LVU46
 184 00b2 0894     		str	r4, [sp, #32]
 278:Core/Src/main.c ****     HAL_GPIO_Init(GPIOC, &GPIO_InitStruct);
 185              		.loc 1 278 5 is_stmt 1 view .LVU47
 186 00b4 05A9     		add	r1, sp, #20
 187 00b6 4046     		mov	r0, r8
 188 00b8 FFF7FEFF 		bl	HAL_GPIO_Init
 189              	.LVL5:
 279:Core/Src/main.c **** 
 280:Core/Src/main.c ****     /*Configure GPIO pins : DISPLAY_WR_Pin DISPLAY_RD_Pin */
 281:Core/Src/main.c ****     GPIO_InitStruct.Pin = DISPLAY_WR_Pin | DISPLAY_RD_Pin;
 190              		.loc 1 281 5 view .LVU48
 191              		.loc 1 281 25 is_stmt 0 view .LVU49
 192 00bc 0597     		str	r7, [sp, #20]
 282:Core/Src/main.c ****     GPIO_InitStruct.Mode = GPIO_MODE_OUTPUT_PP;
 193              		.loc 1 282 5 is_stmt 1 view .LVU50
 194              		.loc 1 282 26 is_stmt 0 view .LVU51
 195 00be 0695     		str	r5, [sp, #24]
 283:Core/Src/main.c ****     GPIO_InitStruct.Pull = GPIO_NOPULL;
 196              		.loc 1 283 5 is_stmt 1 view .LVU52
 197              		.loc 1 283 26 is_stmt 0 view .LVU53
 198 00c0 0794     		str	r4, [sp, #28]
 284:Core/Src/main.c ****     GPIO_InitStruct.Speed = GPIO_SPEED_FREQ_LOW;
 199              		.loc 1 284 5 is_stmt 1 view .LVU54
 200              		.loc 1 284 27 is_stmt 0 view .LVU55
 201 00c2 0894     		str	r4, [sp, #32]
 285:Core/Src/main.c ****     HAL_GPIO_Init(GPIOA, &GPIO_InitStruct);
 202              		.loc 1 285 5 is_stmt 1 view .LVU56
 203 00c4 05A9     		add	r1, sp, #20
 204 00c6 3000     		movs	r0, r6
 205 00c8 FFF7FEFF 		bl	HAL_GPIO_Init
 206              	.LVL6:
 286:Core/Src/main.c **** 
 287:Core/Src/main.c ****     /* USER CODE BEGIN MX_GPIO_Init_2 */
 288:Core/Src/main.c ****     /* USER CODE END MX_GPIO_Init_2 */
 289:Core/Src/main.c **** }
 207              		.loc 1 289 1 is_stmt 0 view .LVU57
 208 00cc 0AB0     		add	sp, sp, #40
 209              		@ sp needed
 210 00ce E0BC     		pop	{r5, r6, r7}
 211 00d0 BA46     		mov	r10, r7
 212 00d2 B146     		mov	r9, r6
 213 00d4 A846     		mov	r8, r5
 214 00d6 F0BD     		pop	{r4, r5, r6, r7, pc}
 215              	.L3:
 216              		.align	2
 217              	.L2:
 218 00d8 00100240 		.word	1073876992
 219 00dc FFFF0000 		.word	65535
 220 00e0 00040048 		.word	1207960576
 221 00e4 00080048 		.word	1207961600
 222              		.cfi_endproc
 223              	.LFE44:
 225              		.section	.text.Error_Handler,"ax",%progbits
 226              		.align	1
ARM GAS  /var/folders/_5/7dt5dlyd7598cb98063hl5tr0000gn/T//cc0ElJ2O.s 			page 10


 227              		.global	Error_Handler
 228              		.syntax unified
 229              		.code	16
 230              		.thumb_func
 232              	Error_Handler:
 233              	.LFB45:
 290:Core/Src/main.c **** 
 291:Core/Src/main.c **** /* USER CODE BEGIN 4 */
 292:Core/Src/main.c **** 
 293:Core/Src/main.c **** /* USER CODE END 4 */
 294:Core/Src/main.c **** 
 295:Core/Src/main.c **** /**
 296:Core/Src/main.c ****  * @brief  This function is executed in case of error occurrence.
 297:Core/Src/main.c ****  * @retval None
 298:Core/Src/main.c ****  */
 299:Core/Src/main.c **** void Error_Handler(void) {
 234              		.loc 1 299 26 is_stmt 1 view -0
 235              		.cfi_startproc
 236              		@ Volatile: function does not return.
 237              		@ args = 0, pretend = 0, frame = 0
 238              		@ frame_needed = 0, uses_anonymous_args = 0
 239              		@ link register save eliminated.
 300:Core/Src/main.c ****     /* USER CODE BEGIN Error_Handler_Debug */
 301:Core/Src/main.c ****     /* User can add his own implementation to report the HAL error return state */
 302:Core/Src/main.c ****     __disable_irq();
 240              		.loc 1 302 5 view .LVU59
 241              	.LBB8:
 242              	.LBI8:
 243              		.file 2 "Drivers/CMSIS/Include/cmsis_gcc.h"
   1:Drivers/CMSIS/Include/cmsis_gcc.h **** /**************************************************************************//**
   2:Drivers/CMSIS/Include/cmsis_gcc.h ****  * @file     cmsis_gcc.h
   3:Drivers/CMSIS/Include/cmsis_gcc.h ****  * @brief    CMSIS compiler GCC header file
   4:Drivers/CMSIS/Include/cmsis_gcc.h ****  * @version  V5.0.4
   5:Drivers/CMSIS/Include/cmsis_gcc.h ****  * @date     09. April 2018
   6:Drivers/CMSIS/Include/cmsis_gcc.h ****  ******************************************************************************/
   7:Drivers/CMSIS/Include/cmsis_gcc.h **** /*
   8:Drivers/CMSIS/Include/cmsis_gcc.h ****  * Copyright (c) 2009-2018 Arm Limited. All rights reserved.
   9:Drivers/CMSIS/Include/cmsis_gcc.h ****  *
  10:Drivers/CMSIS/Include/cmsis_gcc.h ****  * SPDX-License-Identifier: Apache-2.0
  11:Drivers/CMSIS/Include/cmsis_gcc.h ****  *
  12:Drivers/CMSIS/Include/cmsis_gcc.h ****  * Licensed under the Apache License, Version 2.0 (the License); you may
  13:Drivers/CMSIS/Include/cmsis_gcc.h ****  * not use this file except in compliance with the License.
  14:Drivers/CMSIS/Include/cmsis_gcc.h ****  * You may obtain a copy of the License at
  15:Drivers/CMSIS/Include/cmsis_gcc.h ****  *
  16:Drivers/CMSIS/Include/cmsis_gcc.h ****  * www.apache.org/licenses/LICENSE-2.0
  17:Drivers/CMSIS/Include/cmsis_gcc.h ****  *
  18:Drivers/CMSIS/Include/cmsis_gcc.h ****  * Unless required by applicable law or agreed to in writing, software
  19:Drivers/CMSIS/Include/cmsis_gcc.h ****  * distributed under the License is distributed on an AS IS BASIS, WITHOUT
  20:Drivers/CMSIS/Include/cmsis_gcc.h ****  * WARRANTIES OR CONDITIONS OF ANY KIND, either express or implied.
  21:Drivers/CMSIS/Include/cmsis_gcc.h ****  * See the License for the specific language governing permissions and
  22:Drivers/CMSIS/Include/cmsis_gcc.h ****  * limitations under the License.
  23:Drivers/CMSIS/Include/cmsis_gcc.h ****  */
  24:Drivers/CMSIS/Include/cmsis_gcc.h **** 
  25:Drivers/CMSIS/Include/cmsis_gcc.h **** #ifndef __CMSIS_GCC_H
  26:Drivers/CMSIS/Include/cmsis_gcc.h **** #define __CMSIS_GCC_H
  27:Drivers/CMSIS/Include/cmsis_gcc.h **** 
  28:Drivers/CMSIS/Include/cmsis_gcc.h **** /* ignore some GCC warnings */
ARM GAS  /var/folders/_5/7dt5dlyd7598cb98063hl5tr0000gn/T//cc0ElJ2O.s 			page 11


  29:Drivers/CMSIS/Include/cmsis_gcc.h **** #pragma GCC diagnostic push
  30:Drivers/CMSIS/Include/cmsis_gcc.h **** #pragma GCC diagnostic ignored "-Wsign-conversion"
  31:Drivers/CMSIS/Include/cmsis_gcc.h **** #pragma GCC diagnostic ignored "-Wconversion"
  32:Drivers/CMSIS/Include/cmsis_gcc.h **** #pragma GCC diagnostic ignored "-Wunused-parameter"
  33:Drivers/CMSIS/Include/cmsis_gcc.h **** 
  34:Drivers/CMSIS/Include/cmsis_gcc.h **** /* Fallback for __has_builtin */
  35:Drivers/CMSIS/Include/cmsis_gcc.h **** #ifndef __has_builtin
  36:Drivers/CMSIS/Include/cmsis_gcc.h ****   #define __has_builtin(x) (0)
  37:Drivers/CMSIS/Include/cmsis_gcc.h **** #endif
  38:Drivers/CMSIS/Include/cmsis_gcc.h **** 
  39:Drivers/CMSIS/Include/cmsis_gcc.h **** /* CMSIS compiler specific defines */
  40:Drivers/CMSIS/Include/cmsis_gcc.h **** #ifndef   __ASM
  41:Drivers/CMSIS/Include/cmsis_gcc.h ****   #define __ASM                                  __asm
  42:Drivers/CMSIS/Include/cmsis_gcc.h **** #endif
  43:Drivers/CMSIS/Include/cmsis_gcc.h **** #ifndef   __INLINE
  44:Drivers/CMSIS/Include/cmsis_gcc.h ****   #define __INLINE                               inline
  45:Drivers/CMSIS/Include/cmsis_gcc.h **** #endif
  46:Drivers/CMSIS/Include/cmsis_gcc.h **** #ifndef   __STATIC_INLINE
  47:Drivers/CMSIS/Include/cmsis_gcc.h ****   #define __STATIC_INLINE                        static inline
  48:Drivers/CMSIS/Include/cmsis_gcc.h **** #endif
  49:Drivers/CMSIS/Include/cmsis_gcc.h **** #ifndef   __STATIC_FORCEINLINE                 
  50:Drivers/CMSIS/Include/cmsis_gcc.h ****   #define __STATIC_FORCEINLINE                   __attribute__((always_inline)) static inline
  51:Drivers/CMSIS/Include/cmsis_gcc.h **** #endif                                           
  52:Drivers/CMSIS/Include/cmsis_gcc.h **** #ifndef   __NO_RETURN
  53:Drivers/CMSIS/Include/cmsis_gcc.h ****   #define __NO_RETURN                            __attribute__((__noreturn__))
  54:Drivers/CMSIS/Include/cmsis_gcc.h **** #endif
  55:Drivers/CMSIS/Include/cmsis_gcc.h **** #ifndef   __USED
  56:Drivers/CMSIS/Include/cmsis_gcc.h ****   #define __USED                                 __attribute__((used))
  57:Drivers/CMSIS/Include/cmsis_gcc.h **** #endif
  58:Drivers/CMSIS/Include/cmsis_gcc.h **** #ifndef   __WEAK
  59:Drivers/CMSIS/Include/cmsis_gcc.h ****   #define __WEAK                                 __attribute__((weak))
  60:Drivers/CMSIS/Include/cmsis_gcc.h **** #endif
  61:Drivers/CMSIS/Include/cmsis_gcc.h **** #ifndef   __PACKED
  62:Drivers/CMSIS/Include/cmsis_gcc.h ****   #define __PACKED                               __attribute__((packed, aligned(1)))
  63:Drivers/CMSIS/Include/cmsis_gcc.h **** #endif
  64:Drivers/CMSIS/Include/cmsis_gcc.h **** #ifndef   __PACKED_STRUCT
  65:Drivers/CMSIS/Include/cmsis_gcc.h ****   #define __PACKED_STRUCT                        struct __attribute__((packed, aligned(1)))
  66:Drivers/CMSIS/Include/cmsis_gcc.h **** #endif
  67:Drivers/CMSIS/Include/cmsis_gcc.h **** #ifndef   __PACKED_UNION
  68:Drivers/CMSIS/Include/cmsis_gcc.h ****   #define __PACKED_UNION                         union __attribute__((packed, aligned(1)))
  69:Drivers/CMSIS/Include/cmsis_gcc.h **** #endif
  70:Drivers/CMSIS/Include/cmsis_gcc.h **** #ifndef   __UNALIGNED_UINT32        /* deprecated */
  71:Drivers/CMSIS/Include/cmsis_gcc.h ****   #pragma GCC diagnostic push
  72:Drivers/CMSIS/Include/cmsis_gcc.h ****   #pragma GCC diagnostic ignored "-Wpacked"
  73:Drivers/CMSIS/Include/cmsis_gcc.h ****   #pragma GCC diagnostic ignored "-Wattributes"
  74:Drivers/CMSIS/Include/cmsis_gcc.h ****   struct __attribute__((packed)) T_UINT32 { uint32_t v; };
  75:Drivers/CMSIS/Include/cmsis_gcc.h ****   #pragma GCC diagnostic pop
  76:Drivers/CMSIS/Include/cmsis_gcc.h ****   #define __UNALIGNED_UINT32(x)                  (((struct T_UINT32 *)(x))->v)
  77:Drivers/CMSIS/Include/cmsis_gcc.h **** #endif
  78:Drivers/CMSIS/Include/cmsis_gcc.h **** #ifndef   __UNALIGNED_UINT16_WRITE
  79:Drivers/CMSIS/Include/cmsis_gcc.h ****   #pragma GCC diagnostic push
  80:Drivers/CMSIS/Include/cmsis_gcc.h ****   #pragma GCC diagnostic ignored "-Wpacked"
  81:Drivers/CMSIS/Include/cmsis_gcc.h ****   #pragma GCC diagnostic ignored "-Wattributes"
  82:Drivers/CMSIS/Include/cmsis_gcc.h ****   __PACKED_STRUCT T_UINT16_WRITE { uint16_t v; };
  83:Drivers/CMSIS/Include/cmsis_gcc.h ****   #pragma GCC diagnostic pop
  84:Drivers/CMSIS/Include/cmsis_gcc.h ****   #define __UNALIGNED_UINT16_WRITE(addr, val)    (void)((((struct T_UINT16_WRITE *)(void *)(addr))-
  85:Drivers/CMSIS/Include/cmsis_gcc.h **** #endif
ARM GAS  /var/folders/_5/7dt5dlyd7598cb98063hl5tr0000gn/T//cc0ElJ2O.s 			page 12


  86:Drivers/CMSIS/Include/cmsis_gcc.h **** #ifndef   __UNALIGNED_UINT16_READ
  87:Drivers/CMSIS/Include/cmsis_gcc.h ****   #pragma GCC diagnostic push
  88:Drivers/CMSIS/Include/cmsis_gcc.h ****   #pragma GCC diagnostic ignored "-Wpacked"
  89:Drivers/CMSIS/Include/cmsis_gcc.h ****   #pragma GCC diagnostic ignored "-Wattributes"
  90:Drivers/CMSIS/Include/cmsis_gcc.h ****   __PACKED_STRUCT T_UINT16_READ { uint16_t v; };
  91:Drivers/CMSIS/Include/cmsis_gcc.h ****   #pragma GCC diagnostic pop
  92:Drivers/CMSIS/Include/cmsis_gcc.h ****   #define __UNALIGNED_UINT16_READ(addr)          (((const struct T_UINT16_READ *)(const void *)(add
  93:Drivers/CMSIS/Include/cmsis_gcc.h **** #endif
  94:Drivers/CMSIS/Include/cmsis_gcc.h **** #ifndef   __UNALIGNED_UINT32_WRITE
  95:Drivers/CMSIS/Include/cmsis_gcc.h ****   #pragma GCC diagnostic push
  96:Drivers/CMSIS/Include/cmsis_gcc.h ****   #pragma GCC diagnostic ignored "-Wpacked"
  97:Drivers/CMSIS/Include/cmsis_gcc.h ****   #pragma GCC diagnostic ignored "-Wattributes"
  98:Drivers/CMSIS/Include/cmsis_gcc.h ****   __PACKED_STRUCT T_UINT32_WRITE { uint32_t v; };
  99:Drivers/CMSIS/Include/cmsis_gcc.h ****   #pragma GCC diagnostic pop
 100:Drivers/CMSIS/Include/cmsis_gcc.h ****   #define __UNALIGNED_UINT32_WRITE(addr, val)    (void)((((struct T_UINT32_WRITE *)(void *)(addr))-
 101:Drivers/CMSIS/Include/cmsis_gcc.h **** #endif
 102:Drivers/CMSIS/Include/cmsis_gcc.h **** #ifndef   __UNALIGNED_UINT32_READ
 103:Drivers/CMSIS/Include/cmsis_gcc.h ****   #pragma GCC diagnostic push
 104:Drivers/CMSIS/Include/cmsis_gcc.h ****   #pragma GCC diagnostic ignored "-Wpacked"
 105:Drivers/CMSIS/Include/cmsis_gcc.h ****   #pragma GCC diagnostic ignored "-Wattributes"
 106:Drivers/CMSIS/Include/cmsis_gcc.h ****   __PACKED_STRUCT T_UINT32_READ { uint32_t v; };
 107:Drivers/CMSIS/Include/cmsis_gcc.h ****   #pragma GCC diagnostic pop
 108:Drivers/CMSIS/Include/cmsis_gcc.h ****   #define __UNALIGNED_UINT32_READ(addr)          (((const struct T_UINT32_READ *)(const void *)(add
 109:Drivers/CMSIS/Include/cmsis_gcc.h **** #endif
 110:Drivers/CMSIS/Include/cmsis_gcc.h **** #ifndef   __ALIGNED
 111:Drivers/CMSIS/Include/cmsis_gcc.h ****   #define __ALIGNED(x)                           __attribute__((aligned(x)))
 112:Drivers/CMSIS/Include/cmsis_gcc.h **** #endif
 113:Drivers/CMSIS/Include/cmsis_gcc.h **** #ifndef   __RESTRICT
 114:Drivers/CMSIS/Include/cmsis_gcc.h ****   #define __RESTRICT                             __restrict
 115:Drivers/CMSIS/Include/cmsis_gcc.h **** #endif
 116:Drivers/CMSIS/Include/cmsis_gcc.h **** 
 117:Drivers/CMSIS/Include/cmsis_gcc.h **** 
 118:Drivers/CMSIS/Include/cmsis_gcc.h **** /* ###########################  Core Function Access  ########################### */
 119:Drivers/CMSIS/Include/cmsis_gcc.h **** /** \ingroup  CMSIS_Core_FunctionInterface
 120:Drivers/CMSIS/Include/cmsis_gcc.h ****     \defgroup CMSIS_Core_RegAccFunctions CMSIS Core Register Access Functions
 121:Drivers/CMSIS/Include/cmsis_gcc.h ****   @{
 122:Drivers/CMSIS/Include/cmsis_gcc.h ****  */
 123:Drivers/CMSIS/Include/cmsis_gcc.h **** 
 124:Drivers/CMSIS/Include/cmsis_gcc.h **** /**
 125:Drivers/CMSIS/Include/cmsis_gcc.h ****   \brief   Enable IRQ Interrupts
 126:Drivers/CMSIS/Include/cmsis_gcc.h ****   \details Enables IRQ interrupts by clearing the I-bit in the CPSR.
 127:Drivers/CMSIS/Include/cmsis_gcc.h ****            Can only be executed in Privileged modes.
 128:Drivers/CMSIS/Include/cmsis_gcc.h ****  */
 129:Drivers/CMSIS/Include/cmsis_gcc.h **** __STATIC_FORCEINLINE void __enable_irq(void)
 130:Drivers/CMSIS/Include/cmsis_gcc.h **** {
 131:Drivers/CMSIS/Include/cmsis_gcc.h ****   __ASM volatile ("cpsie i" : : : "memory");
 132:Drivers/CMSIS/Include/cmsis_gcc.h **** }
 133:Drivers/CMSIS/Include/cmsis_gcc.h **** 
 134:Drivers/CMSIS/Include/cmsis_gcc.h **** 
 135:Drivers/CMSIS/Include/cmsis_gcc.h **** /**
 136:Drivers/CMSIS/Include/cmsis_gcc.h ****   \brief   Disable IRQ Interrupts
 137:Drivers/CMSIS/Include/cmsis_gcc.h ****   \details Disables IRQ interrupts by setting the I-bit in the CPSR.
 138:Drivers/CMSIS/Include/cmsis_gcc.h ****            Can only be executed in Privileged modes.
 139:Drivers/CMSIS/Include/cmsis_gcc.h ****  */
 140:Drivers/CMSIS/Include/cmsis_gcc.h **** __STATIC_FORCEINLINE void __disable_irq(void)
 244              		.loc 2 140 27 view .LVU60
 245              	.LBB9:
ARM GAS  /var/folders/_5/7dt5dlyd7598cb98063hl5tr0000gn/T//cc0ElJ2O.s 			page 13


 141:Drivers/CMSIS/Include/cmsis_gcc.h **** {
 142:Drivers/CMSIS/Include/cmsis_gcc.h ****   __ASM volatile ("cpsid i" : : : "memory");
 246              		.loc 2 142 3 view .LVU61
 247              		.syntax divided
 248              	@ 142 "Drivers/CMSIS/Include/cmsis_gcc.h" 1
 249 0000 72B6     		cpsid i
 250              	@ 0 "" 2
 251              		.thumb
 252              		.syntax unified
 253              	.L5:
 254              	.LBE9:
 255              	.LBE8:
 303:Core/Src/main.c ****     while (1) {
 256              		.loc 1 303 5 discriminator 1 view .LVU62
 304:Core/Src/main.c ****     }
 257              		.loc 1 304 5 discriminator 1 view .LVU63
 303:Core/Src/main.c ****     while (1) {
 258              		.loc 1 303 11 discriminator 1 view .LVU64
 259 0002 FEE7     		b	.L5
 260              		.cfi_endproc
 261              	.LFE45:
 263              		.section	.text.MX_I2C2_Init,"ax",%progbits
 264              		.align	1
 265              		.syntax unified
 266              		.code	16
 267              		.thumb_func
 269              	MX_I2C2_Init:
 270              	.LFB42:
 164:Core/Src/main.c ****     /* USER CODE BEGIN I2C2_Init 0 */
 271              		.loc 1 164 32 view -0
 272              		.cfi_startproc
 273              		@ args = 0, pretend = 0, frame = 0
 274              		@ frame_needed = 0, uses_anonymous_args = 0
 275 0000 10B5     		push	{r4, lr}
 276              		.cfi_def_cfa_offset 8
 277              		.cfi_offset 4, -8
 278              		.cfi_offset 14, -4
 172:Core/Src/main.c ****     hi2c2.Init.Timing = 0x20303E5D;
 279              		.loc 1 172 5 view .LVU66
 172:Core/Src/main.c ****     hi2c2.Init.Timing = 0x20303E5D;
 280              		.loc 1 172 20 is_stmt 0 view .LVU67
 281 0002 1248     		ldr	r0, .L13
 282 0004 124B     		ldr	r3, .L13+4
 283 0006 0360     		str	r3, [r0]
 173:Core/Src/main.c ****     hi2c2.Init.OwnAddress1 = 0;
 284              		.loc 1 173 5 is_stmt 1 view .LVU68
 173:Core/Src/main.c ****     hi2c2.Init.OwnAddress1 = 0;
 285              		.loc 1 173 23 is_stmt 0 view .LVU69
 286 0008 124B     		ldr	r3, .L13+8
 287 000a 4360     		str	r3, [r0, #4]
 174:Core/Src/main.c ****     hi2c2.Init.AddressingMode = I2C_ADDRESSINGMODE_7BIT;
 288              		.loc 1 174 5 is_stmt 1 view .LVU70
 174:Core/Src/main.c ****     hi2c2.Init.AddressingMode = I2C_ADDRESSINGMODE_7BIT;
 289              		.loc 1 174 28 is_stmt 0 view .LVU71
 290 000c 0023     		movs	r3, #0
 291 000e 8360     		str	r3, [r0, #8]
 175:Core/Src/main.c ****     hi2c2.Init.DualAddressMode = I2C_DUALADDRESS_DISABLE;
ARM GAS  /var/folders/_5/7dt5dlyd7598cb98063hl5tr0000gn/T//cc0ElJ2O.s 			page 14


 292              		.loc 1 175 5 is_stmt 1 view .LVU72
 175:Core/Src/main.c ****     hi2c2.Init.DualAddressMode = I2C_DUALADDRESS_DISABLE;
 293              		.loc 1 175 31 is_stmt 0 view .LVU73
 294 0010 0122     		movs	r2, #1
 295 0012 C260     		str	r2, [r0, #12]
 176:Core/Src/main.c ****     hi2c2.Init.OwnAddress2 = 0;
 296              		.loc 1 176 5 is_stmt 1 view .LVU74
 176:Core/Src/main.c ****     hi2c2.Init.OwnAddress2 = 0;
 297              		.loc 1 176 32 is_stmt 0 view .LVU75
 298 0014 0361     		str	r3, [r0, #16]
 177:Core/Src/main.c ****     hi2c2.Init.OwnAddress2Masks = I2C_OA2_NOMASK;
 299              		.loc 1 177 5 is_stmt 1 view .LVU76
 177:Core/Src/main.c ****     hi2c2.Init.OwnAddress2Masks = I2C_OA2_NOMASK;
 300              		.loc 1 177 28 is_stmt 0 view .LVU77
 301 0016 4361     		str	r3, [r0, #20]
 178:Core/Src/main.c ****     hi2c2.Init.GeneralCallMode = I2C_GENERALCALL_DISABLE;
 302              		.loc 1 178 5 is_stmt 1 view .LVU78
 178:Core/Src/main.c ****     hi2c2.Init.GeneralCallMode = I2C_GENERALCALL_DISABLE;
 303              		.loc 1 178 33 is_stmt 0 view .LVU79
 304 0018 8361     		str	r3, [r0, #24]
 179:Core/Src/main.c ****     hi2c2.Init.NoStretchMode = I2C_NOSTRETCH_DISABLE;
 305              		.loc 1 179 5 is_stmt 1 view .LVU80
 179:Core/Src/main.c ****     hi2c2.Init.NoStretchMode = I2C_NOSTRETCH_DISABLE;
 306              		.loc 1 179 32 is_stmt 0 view .LVU81
 307 001a C361     		str	r3, [r0, #28]
 180:Core/Src/main.c ****     if (HAL_I2C_Init(&hi2c2) != HAL_OK) {
 308              		.loc 1 180 5 is_stmt 1 view .LVU82
 180:Core/Src/main.c ****     if (HAL_I2C_Init(&hi2c2) != HAL_OK) {
 309              		.loc 1 180 30 is_stmt 0 view .LVU83
 310 001c 0362     		str	r3, [r0, #32]
 181:Core/Src/main.c ****         Error_Handler();
 311              		.loc 1 181 5 is_stmt 1 view .LVU84
 181:Core/Src/main.c ****         Error_Handler();
 312              		.loc 1 181 9 is_stmt 0 view .LVU85
 313 001e FFF7FEFF 		bl	HAL_I2C_Init
 314              	.LVL7:
 181:Core/Src/main.c ****         Error_Handler();
 315              		.loc 1 181 8 view .LVU86
 316 0022 0028     		cmp	r0, #0
 317 0024 0CD1     		bne	.L10
 187:Core/Src/main.c ****         Error_Handler();
 318              		.loc 1 187 5 is_stmt 1 view .LVU87
 187:Core/Src/main.c ****         Error_Handler();
 319              		.loc 1 187 9 is_stmt 0 view .LVU88
 320 0026 0948     		ldr	r0, .L13
 321 0028 0021     		movs	r1, #0
 322 002a FFF7FEFF 		bl	HAL_I2CEx_ConfigAnalogFilter
 323              	.LVL8:
 187:Core/Src/main.c ****         Error_Handler();
 324              		.loc 1 187 8 view .LVU89
 325 002e 0028     		cmp	r0, #0
 326 0030 08D1     		bne	.L11
 193:Core/Src/main.c ****         Error_Handler();
 327              		.loc 1 193 5 is_stmt 1 view .LVU90
 193:Core/Src/main.c ****         Error_Handler();
 328              		.loc 1 193 9 is_stmt 0 view .LVU91
 329 0032 0648     		ldr	r0, .L13
ARM GAS  /var/folders/_5/7dt5dlyd7598cb98063hl5tr0000gn/T//cc0ElJ2O.s 			page 15


 330 0034 0021     		movs	r1, #0
 331 0036 FFF7FEFF 		bl	HAL_I2CEx_ConfigDigitalFilter
 332              	.LVL9:
 193:Core/Src/main.c ****         Error_Handler();
 333              		.loc 1 193 8 view .LVU92
 334 003a 0028     		cmp	r0, #0
 335 003c 04D1     		bne	.L12
 199:Core/Src/main.c **** 
 336              		.loc 1 199 1 view .LVU93
 337              		@ sp needed
 338 003e 10BD     		pop	{r4, pc}
 339              	.L10:
 182:Core/Src/main.c ****     }
 340              		.loc 1 182 9 is_stmt 1 view .LVU94
 341 0040 FFF7FEFF 		bl	Error_Handler
 342              	.LVL10:
 343              	.L11:
 188:Core/Src/main.c ****     }
 344              		.loc 1 188 9 view .LVU95
 345 0044 FFF7FEFF 		bl	Error_Handler
 346              	.LVL11:
 347              	.L12:
 194:Core/Src/main.c ****     }
 348              		.loc 1 194 9 view .LVU96
 349 0048 FFF7FEFF 		bl	Error_Handler
 350              	.LVL12:
 351              	.L14:
 352              		.align	2
 353              	.L13:
 354 004c 00000000 		.word	hi2c2
 355 0050 00580040 		.word	1073764352
 356 0054 5D3E3020 		.word	540032605
 357              		.cfi_endproc
 358              	.LFE42:
 360              		.section	.text.MX_USART1_UART_Init,"ax",%progbits
 361              		.align	1
 362              		.syntax unified
 363              		.code	16
 364              		.thumb_func
 366              	MX_USART1_UART_Init:
 367              	.LFB43:
 206:Core/Src/main.c ****     /* USER CODE BEGIN USART1_Init 0 */
 368              		.loc 1 206 39 view -0
 369              		.cfi_startproc
 370              		@ args = 0, pretend = 0, frame = 0
 371              		@ frame_needed = 0, uses_anonymous_args = 0
 372 0000 10B5     		push	{r4, lr}
 373              		.cfi_def_cfa_offset 8
 374              		.cfi_offset 4, -8
 375              		.cfi_offset 14, -4
 214:Core/Src/main.c ****     huart1.Init.BaudRate = 38400;
 376              		.loc 1 214 5 view .LVU98
 214:Core/Src/main.c ****     huart1.Init.BaudRate = 38400;
 377              		.loc 1 214 21 is_stmt 0 view .LVU99
 378 0002 0B48     		ldr	r0, .L18
 379 0004 0B4B     		ldr	r3, .L18+4
 380 0006 0360     		str	r3, [r0]
ARM GAS  /var/folders/_5/7dt5dlyd7598cb98063hl5tr0000gn/T//cc0ElJ2O.s 			page 16


 215:Core/Src/main.c ****     huart1.Init.WordLength = UART_WORDLENGTH_8B;
 381              		.loc 1 215 5 is_stmt 1 view .LVU100
 215:Core/Src/main.c ****     huart1.Init.WordLength = UART_WORDLENGTH_8B;
 382              		.loc 1 215 26 is_stmt 0 view .LVU101
 383 0008 9623     		movs	r3, #150
 384 000a 1B02     		lsls	r3, r3, #8
 385 000c 4360     		str	r3, [r0, #4]
 216:Core/Src/main.c ****     huart1.Init.StopBits = UART_STOPBITS_1;
 386              		.loc 1 216 5 is_stmt 1 view .LVU102
 216:Core/Src/main.c ****     huart1.Init.StopBits = UART_STOPBITS_1;
 387              		.loc 1 216 28 is_stmt 0 view .LVU103
 388 000e 0023     		movs	r3, #0
 389 0010 8360     		str	r3, [r0, #8]
 217:Core/Src/main.c ****     huart1.Init.Parity = UART_PARITY_NONE;
 390              		.loc 1 217 5 is_stmt 1 view .LVU104
 217:Core/Src/main.c ****     huart1.Init.Parity = UART_PARITY_NONE;
 391              		.loc 1 217 26 is_stmt 0 view .LVU105
 392 0012 C360     		str	r3, [r0, #12]
 218:Core/Src/main.c ****     huart1.Init.Mode = UART_MODE_TX_RX;
 393              		.loc 1 218 5 is_stmt 1 view .LVU106
 218:Core/Src/main.c ****     huart1.Init.Mode = UART_MODE_TX_RX;
 394              		.loc 1 218 24 is_stmt 0 view .LVU107
 395 0014 0361     		str	r3, [r0, #16]
 219:Core/Src/main.c ****     huart1.Init.HwFlowCtl = UART_HWCONTROL_NONE;
 396              		.loc 1 219 5 is_stmt 1 view .LVU108
 219:Core/Src/main.c ****     huart1.Init.HwFlowCtl = UART_HWCONTROL_NONE;
 397              		.loc 1 219 22 is_stmt 0 view .LVU109
 398 0016 0C22     		movs	r2, #12
 399 0018 4261     		str	r2, [r0, #20]
 220:Core/Src/main.c ****     huart1.Init.OverSampling = UART_OVERSAMPLING_16;
 400              		.loc 1 220 5 is_stmt 1 view .LVU110
 220:Core/Src/main.c ****     huart1.Init.OverSampling = UART_OVERSAMPLING_16;
 401              		.loc 1 220 27 is_stmt 0 view .LVU111
 402 001a 8361     		str	r3, [r0, #24]
 221:Core/Src/main.c ****     huart1.Init.OneBitSampling = UART_ONE_BIT_SAMPLE_DISABLE;
 403              		.loc 1 221 5 is_stmt 1 view .LVU112
 221:Core/Src/main.c ****     huart1.Init.OneBitSampling = UART_ONE_BIT_SAMPLE_DISABLE;
 404              		.loc 1 221 30 is_stmt 0 view .LVU113
 405 001c C361     		str	r3, [r0, #28]
 222:Core/Src/main.c ****     huart1.AdvancedInit.AdvFeatureInit = UART_ADVFEATURE_NO_INIT;
 406              		.loc 1 222 5 is_stmt 1 view .LVU114
 222:Core/Src/main.c ****     huart1.AdvancedInit.AdvFeatureInit = UART_ADVFEATURE_NO_INIT;
 407              		.loc 1 222 32 is_stmt 0 view .LVU115
 408 001e 0362     		str	r3, [r0, #32]
 223:Core/Src/main.c ****     if (HAL_UART_Init(&huart1) != HAL_OK) {
 409              		.loc 1 223 5 is_stmt 1 view .LVU116
 223:Core/Src/main.c ****     if (HAL_UART_Init(&huart1) != HAL_OK) {
 410              		.loc 1 223 40 is_stmt 0 view .LVU117
 411 0020 4362     		str	r3, [r0, #36]
 224:Core/Src/main.c ****         Error_Handler();
 412              		.loc 1 224 5 is_stmt 1 view .LVU118
 224:Core/Src/main.c ****         Error_Handler();
 413              		.loc 1 224 9 is_stmt 0 view .LVU119
 414 0022 FFF7FEFF 		bl	HAL_UART_Init
 415              	.LVL13:
 224:Core/Src/main.c ****         Error_Handler();
 416              		.loc 1 224 8 view .LVU120
ARM GAS  /var/folders/_5/7dt5dlyd7598cb98063hl5tr0000gn/T//cc0ElJ2O.s 			page 17


 417 0026 0028     		cmp	r0, #0
 418 0028 00D1     		bne	.L17
 230:Core/Src/main.c **** 
 419              		.loc 1 230 1 view .LVU121
 420              		@ sp needed
 421 002a 10BD     		pop	{r4, pc}
 422              	.L17:
 225:Core/Src/main.c ****     }
 423              		.loc 1 225 9 is_stmt 1 view .LVU122
 424 002c FFF7FEFF 		bl	Error_Handler
 425              	.LVL14:
 426              	.L19:
 427              		.align	2
 428              	.L18:
 429 0030 00000000 		.word	huart1
 430 0034 00380140 		.word	1073821696
 431              		.cfi_endproc
 432              	.LFE43:
 434              		.section	.text.SystemClock_Config,"ax",%progbits
 435              		.align	1
 436              		.global	SystemClock_Config
 437              		.syntax unified
 438              		.code	16
 439              		.thumb_func
 441              	SystemClock_Config:
 442              	.LFB41:
 124:Core/Src/main.c ****     RCC_OscInitTypeDef RCC_OscInitStruct = {0};
 443              		.loc 1 124 31 view -0
 444              		.cfi_startproc
 445              		@ args = 0, pretend = 0, frame = 80
 446              		@ frame_needed = 0, uses_anonymous_args = 0
 447 0000 00B5     		push	{lr}
 448              		.cfi_def_cfa_offset 4
 449              		.cfi_offset 14, -4
 450 0002 95B0     		sub	sp, sp, #84
 451              		.cfi_def_cfa_offset 88
 125:Core/Src/main.c ****     RCC_ClkInitTypeDef RCC_ClkInitStruct = {0};
 452              		.loc 1 125 5 view .LVU124
 125:Core/Src/main.c ****     RCC_ClkInitTypeDef RCC_ClkInitStruct = {0};
 453              		.loc 1 125 24 is_stmt 0 view .LVU125
 454 0004 3022     		movs	r2, #48
 455 0006 0021     		movs	r1, #0
 456 0008 08A8     		add	r0, sp, #32
 457 000a FFF7FEFF 		bl	memset
 458              	.LVL15:
 126:Core/Src/main.c ****     RCC_PeriphCLKInitTypeDef PeriphClkInit = {0};
 459              		.loc 1 126 5 is_stmt 1 view .LVU126
 126:Core/Src/main.c ****     RCC_PeriphCLKInitTypeDef PeriphClkInit = {0};
 460              		.loc 1 126 24 is_stmt 0 view .LVU127
 461 000e 1022     		movs	r2, #16
 462 0010 0021     		movs	r1, #0
 463 0012 04A8     		add	r0, sp, #16
 464 0014 FFF7FEFF 		bl	memset
 465              	.LVL16:
 127:Core/Src/main.c **** 
 466              		.loc 1 127 5 is_stmt 1 view .LVU128
 127:Core/Src/main.c **** 
ARM GAS  /var/folders/_5/7dt5dlyd7598cb98063hl5tr0000gn/T//cc0ElJ2O.s 			page 18


 467              		.loc 1 127 30 is_stmt 0 view .LVU129
 468 0018 1022     		movs	r2, #16
 469 001a 0021     		movs	r1, #0
 470 001c 6846     		mov	r0, sp
 471 001e FFF7FEFF 		bl	memset
 472              	.LVL17:
 132:Core/Src/main.c ****     RCC_OscInitStruct.HSEState = RCC_HSE_ON;
 473              		.loc 1 132 5 is_stmt 1 view .LVU130
 132:Core/Src/main.c ****     RCC_OscInitStruct.HSEState = RCC_HSE_ON;
 474              		.loc 1 132 38 is_stmt 0 view .LVU131
 475 0022 0123     		movs	r3, #1
 476 0024 0893     		str	r3, [sp, #32]
 133:Core/Src/main.c ****     RCC_OscInitStruct.PLL.PLLState = RCC_PLL_ON;
 477              		.loc 1 133 5 is_stmt 1 view .LVU132
 133:Core/Src/main.c ****     RCC_OscInitStruct.PLL.PLLState = RCC_PLL_ON;
 478              		.loc 1 133 32 is_stmt 0 view .LVU133
 479 0026 0993     		str	r3, [sp, #36]
 134:Core/Src/main.c ****     RCC_OscInitStruct.PLL.PLLSource = RCC_PLLSOURCE_HSE;
 480              		.loc 1 134 5 is_stmt 1 view .LVU134
 134:Core/Src/main.c ****     RCC_OscInitStruct.PLL.PLLSource = RCC_PLLSOURCE_HSE;
 481              		.loc 1 134 36 is_stmt 0 view .LVU135
 482 0028 0133     		adds	r3, r3, #1
 483 002a 1093     		str	r3, [sp, #64]
 135:Core/Src/main.c ****     RCC_OscInitStruct.PLL.PLLMUL = RCC_PLL_MUL6;
 484              		.loc 1 135 5 is_stmt 1 view .LVU136
 135:Core/Src/main.c ****     RCC_OscInitStruct.PLL.PLLMUL = RCC_PLL_MUL6;
 485              		.loc 1 135 37 is_stmt 0 view .LVU137
 486 002c 8023     		movs	r3, #128
 487 002e 5B02     		lsls	r3, r3, #9
 488 0030 1193     		str	r3, [sp, #68]
 136:Core/Src/main.c ****     RCC_OscInitStruct.PLL.PREDIV = RCC_PREDIV_DIV1;
 489              		.loc 1 136 5 is_stmt 1 view .LVU138
 136:Core/Src/main.c ****     RCC_OscInitStruct.PLL.PREDIV = RCC_PREDIV_DIV1;
 490              		.loc 1 136 34 is_stmt 0 view .LVU139
 491 0032 8023     		movs	r3, #128
 492 0034 5B03     		lsls	r3, r3, #13
 493 0036 1293     		str	r3, [sp, #72]
 137:Core/Src/main.c ****     if (HAL_RCC_OscConfig(&RCC_OscInitStruct) != HAL_OK) {
 494              		.loc 1 137 5 is_stmt 1 view .LVU140
 138:Core/Src/main.c ****         Error_Handler();
 495              		.loc 1 138 5 view .LVU141
 138:Core/Src/main.c ****         Error_Handler();
 496              		.loc 1 138 9 is_stmt 0 view .LVU142
 497 0038 08A8     		add	r0, sp, #32
 498 003a FFF7FEFF 		bl	HAL_RCC_OscConfig
 499              	.LVL18:
 138:Core/Src/main.c ****         Error_Handler();
 500              		.loc 1 138 8 view .LVU143
 501 003e 0028     		cmp	r0, #0
 502 0040 17D1     		bne	.L24
 144:Core/Src/main.c ****     RCC_ClkInitStruct.SYSCLKSource = RCC_SYSCLKSOURCE_PLLCLK;
 503              		.loc 1 144 5 is_stmt 1 view .LVU144
 144:Core/Src/main.c ****     RCC_ClkInitStruct.SYSCLKSource = RCC_SYSCLKSOURCE_PLLCLK;
 504              		.loc 1 144 33 is_stmt 0 view .LVU145
 505 0042 0723     		movs	r3, #7
 506 0044 0493     		str	r3, [sp, #16]
 145:Core/Src/main.c ****     RCC_ClkInitStruct.AHBCLKDivider = RCC_SYSCLK_DIV1;
ARM GAS  /var/folders/_5/7dt5dlyd7598cb98063hl5tr0000gn/T//cc0ElJ2O.s 			page 19


 507              		.loc 1 145 5 is_stmt 1 view .LVU146
 145:Core/Src/main.c ****     RCC_ClkInitStruct.AHBCLKDivider = RCC_SYSCLK_DIV1;
 508              		.loc 1 145 36 is_stmt 0 view .LVU147
 509 0046 053B     		subs	r3, r3, #5
 510 0048 0593     		str	r3, [sp, #20]
 146:Core/Src/main.c ****     RCC_ClkInitStruct.APB1CLKDivider = RCC_HCLK_DIV1;
 511              		.loc 1 146 5 is_stmt 1 view .LVU148
 146:Core/Src/main.c ****     RCC_ClkInitStruct.APB1CLKDivider = RCC_HCLK_DIV1;
 512              		.loc 1 146 37 is_stmt 0 view .LVU149
 513 004a 0023     		movs	r3, #0
 514 004c 0693     		str	r3, [sp, #24]
 147:Core/Src/main.c **** 
 515              		.loc 1 147 5 is_stmt 1 view .LVU150
 147:Core/Src/main.c **** 
 516              		.loc 1 147 38 is_stmt 0 view .LVU151
 517 004e 0793     		str	r3, [sp, #28]
 149:Core/Src/main.c ****         Error_Handler();
 518              		.loc 1 149 5 is_stmt 1 view .LVU152
 149:Core/Src/main.c ****         Error_Handler();
 519              		.loc 1 149 9 is_stmt 0 view .LVU153
 520 0050 0121     		movs	r1, #1
 521 0052 04A8     		add	r0, sp, #16
 522 0054 FFF7FEFF 		bl	HAL_RCC_ClockConfig
 523              	.LVL19:
 149:Core/Src/main.c ****         Error_Handler();
 524              		.loc 1 149 8 view .LVU154
 525 0058 0028     		cmp	r0, #0
 526 005a 0CD1     		bne	.L25
 152:Core/Src/main.c ****     PeriphClkInit.Usart1ClockSelection = RCC_USART1CLKSOURCE_PCLK1;
 527              		.loc 1 152 5 is_stmt 1 view .LVU155
 152:Core/Src/main.c ****     PeriphClkInit.Usart1ClockSelection = RCC_USART1CLKSOURCE_PCLK1;
 528              		.loc 1 152 40 is_stmt 0 view .LVU156
 529 005c 0123     		movs	r3, #1
 530 005e 0093     		str	r3, [sp]
 153:Core/Src/main.c ****     if (HAL_RCCEx_PeriphCLKConfig(&PeriphClkInit) != HAL_OK) {
 531              		.loc 1 153 5 is_stmt 1 view .LVU157
 153:Core/Src/main.c ****     if (HAL_RCCEx_PeriphCLKConfig(&PeriphClkInit) != HAL_OK) {
 532              		.loc 1 153 40 is_stmt 0 view .LVU158
 533 0060 0023     		movs	r3, #0
 534 0062 0293     		str	r3, [sp, #8]
 154:Core/Src/main.c ****         Error_Handler();
 535              		.loc 1 154 5 is_stmt 1 view .LVU159
 154:Core/Src/main.c ****         Error_Handler();
 536              		.loc 1 154 9 is_stmt 0 view .LVU160
 537 0064 6846     		mov	r0, sp
 538 0066 FFF7FEFF 		bl	HAL_RCCEx_PeriphCLKConfig
 539              	.LVL20:
 154:Core/Src/main.c ****         Error_Handler();
 540              		.loc 1 154 8 view .LVU161
 541 006a 0028     		cmp	r0, #0
 542 006c 05D1     		bne	.L26
 157:Core/Src/main.c **** 
 543              		.loc 1 157 1 view .LVU162
 544 006e 15B0     		add	sp, sp, #84
 545              		@ sp needed
 546 0070 00BD     		pop	{pc}
 547              	.L24:
ARM GAS  /var/folders/_5/7dt5dlyd7598cb98063hl5tr0000gn/T//cc0ElJ2O.s 			page 20


 139:Core/Src/main.c ****     }
 548              		.loc 1 139 9 is_stmt 1 view .LVU163
 549 0072 FFF7FEFF 		bl	Error_Handler
 550              	.LVL21:
 551              	.L25:
 150:Core/Src/main.c ****     }
 552              		.loc 1 150 9 view .LVU164
 553 0076 FFF7FEFF 		bl	Error_Handler
 554              	.LVL22:
 555              	.L26:
 155:Core/Src/main.c ****     }
 556              		.loc 1 155 9 view .LVU165
 557 007a FFF7FEFF 		bl	Error_Handler
 558              	.LVL23:
 559              		.cfi_endproc
 560              	.LFE41:
 562              		.section	.text.main,"ax",%progbits
 563              		.align	1
 564              		.global	main
 565              		.syntax unified
 566              		.code	16
 567              		.thumb_func
 569              	main:
 570              	.LFB40:
  70:Core/Src/main.c ****     /* USER CODE BEGIN 1 */
 571              		.loc 1 70 16 view -0
 572              		.cfi_startproc
 573              		@ Volatile: function does not return.
 574              		@ args = 0, pretend = 0, frame = 0
 575              		@ frame_needed = 0, uses_anonymous_args = 0
 576 0000 10B5     		push	{r4, lr}
 577              		.cfi_def_cfa_offset 8
 578              		.cfi_offset 4, -8
 579              		.cfi_offset 14, -4
  78:Core/Src/main.c **** 
 580              		.loc 1 78 5 view .LVU167
 581 0002 FFF7FEFF 		bl	HAL_Init
 582              	.LVL24:
  85:Core/Src/main.c **** 
 583              		.loc 1 85 5 view .LVU168
 584 0006 FFF7FEFF 		bl	SystemClock_Config
 585              	.LVL25:
  92:Core/Src/main.c ****     MX_I2C2_Init();
 586              		.loc 1 92 5 view .LVU169
 587 000a FFF7FEFF 		bl	MX_GPIO_Init
 588              	.LVL26:
  93:Core/Src/main.c ****     MX_USART1_UART_Init();
 589              		.loc 1 93 5 view .LVU170
 590 000e FFF7FEFF 		bl	MX_I2C2_Init
 591              	.LVL27:
  94:Core/Src/main.c ****     /* USER CODE BEGIN 2 */
 592              		.loc 1 94 5 view .LVU171
 593 0012 FFF7FEFF 		bl	MX_USART1_UART_Init
 594              	.LVL28:
 101:Core/Src/main.c ****     ER_TFT040_textTest(defaultFont);
 595              		.loc 1 101 5 view .LVU172
 596 0016 FFF7FEFF 		bl	ER_TFT040_init
ARM GAS  /var/folders/_5/7dt5dlyd7598cb98063hl5tr0000gn/T//cc0ElJ2O.s 			page 21


 597              	.LVL29:
 102:Core/Src/main.c **** 
 598              		.loc 1 102 5 view .LVU173
 599 001a 0448     		ldr	r0, .L29
 600 001c FFF7FEFF 		bl	ER_TFT040_textTest
 601              	.LVL30:
 110:Core/Src/main.c **** 
 602              		.loc 1 110 5 view .LVU174
 603 0020 FA20     		movs	r0, #250
 604 0022 8000     		lsls	r0, r0, #2
 605 0024 FFF7FEFF 		bl	HAL_Delay
 606              	.LVL31:
 607              	.L28:
 112:Core/Src/main.c ****         /* USER CODE END WHILE */
 608              		.loc 1 112 5 discriminator 1 view .LVU175
 116:Core/Src/main.c ****     /* USER CODE END 3 */
 609              		.loc 1 116 5 discriminator 1 view .LVU176
 112:Core/Src/main.c ****         /* USER CODE END WHILE */
 610              		.loc 1 112 11 discriminator 1 view .LVU177
 611 0028 FEE7     		b	.L28
 612              	.L30:
 613 002a C046     		.align	2
 614              	.L29:
 615 002c 00000000 		.word	defaultFont
 616              		.cfi_endproc
 617              	.LFE40:
 619              		.global	huart1
 620              		.section	.bss.huart1,"aw",%nobits
 621              		.align	2
 624              	huart1:
 625 0000 00000000 		.space	136
 625      00000000 
 625      00000000 
 625      00000000 
 625      00000000 
 626              		.global	hi2c2
 627              		.section	.bss.hi2c2,"aw",%nobits
 628              		.align	2
 631              	hi2c2:
 632 0000 00000000 		.space	84
 632      00000000 
 632      00000000 
 632      00000000 
 632      00000000 
 633              		.global	defaultFont
 634              		.section	.data.defaultFont,"aw"
 635              		.align	2
 638              	defaultFont:
 639 0000 00000000 		.ascii	"\000\000\000\000\000\000\000\000\000\000\000\000\000"
 639      00000000 
 639      00000000 
 639      00
 640 000d 00202020 		.ascii	"\000      \000 \000\000\000(PP\000\000\000\000\000\000"
 640      20202000 
 640      20000000 
 640      28505000 
 640      00000000 
ARM GAS  /var/folders/_5/7dt5dlyd7598cb98063hl5tr0000gn/T//cc0ElJ2O.s 			page 22


 641 0022 00000000 		.ascii	"\000\000\000\000((\374(P\374PP\000\000\000 x\250\240"
 641      2828FC28 
 641      50FC5050 
 641      00000020 
 641      78A8A0
 642 0035 603028A8 		.ascii	"`0(\250\360 \000\000\000H\250\260P(4TH\000\000\000\000"
 642      F0200000 
 642      0048A8B0 
 642      50283454 
 642      48000000 
 643 004a 20505078 		.ascii	" PPx\250\250\220l\000\000\000@@\200\000\000\000\000"
 643      A8A8906C 
 643      00000040 
 643      40800000 
 643      0000
 644 005c 00000000 		.ascii	"\000\000\000\000\000\004\010\020\020\020\020\020\020"
 644      00040810 
 644      10101010 
 644      10
 645 0069 08040000 		.ascii	"\010\004\000\000@ \020\020\020\020\020\020 @\000\000"
 645      40201010 
 645      10101010 
 645      20400000 
 646 0079 000020A8 		.ascii	"\000\000 \250pp\250 \000\000\000\000\000   \370   \000"
 646      7070A820 
 646      00000000 
 646      00202020 
 646      F8202020 
 647 008e 00000000 		.ascii	"\000\000\000\000\000\000\000\000\000\000\000@@\200\000"
 647      00000000 
 647      00000040 
 647      408000
 648 009d 00000000 		.ascii	"\000\000\000\000\370\000\000\000\000\000\000\000\000"
 648      F8000000 
 648      00000000 
 648      00
 649 00aa 00000000 		.ascii	"\000\000\000\000\000\000\000@\000\000\000\010\020\020"
 649      00000040 
 649      00000008 
 649      1010
 650 00b8 10202040 		.ascii	"\020  @@@\200\000\000\000p\210\210\210\210\210\210p"
 650      40408000 
 650      00007088 
 650      88888888 
 650      8870
 651 00ca 00000000 		.ascii	"\000\000\000\000 `     p\000\000\000\000p\210\210\020"
 651      20602020 
 651      20202070 
 651      00000000 
 651      70888810 
 652 00de 204080F8 		.ascii	" @\200\370\000\000\000\000p\210\0100\010\010\210p\000"
 652      00000000 
 652      70880830 
 652      08088870 
 652      00
 653 00ef 00000010 		.ascii	"\000\000\000\0200PP\220x\020\030\000\000\000\000\370"
 653      30505090 
ARM GAS  /var/folders/_5/7dt5dlyd7598cb98063hl5tr0000gn/T//cc0ElJ2O.s 			page 23


 653      78101800 
 653      000000F8 
 654 00ff 8080F008 		.ascii	"\200\200\360\010\010\210p\000\000\000\000p\220\200\360"
 654      08887000 
 654      00000070 
 654      9080F0
 655 010e 88888870 		.ascii	"\210\210\210p\000\000\000\000\370\220\020     \000\000"
 655      00000000 
 655      F8901020 
 655      20202020 
 655      0000
 656 0120 00007088 		.ascii	"\000\000p\210\210p\210\210\210p\000\000\000\000p\210"
 656      88708888 
 656      88700000 
 656      00007088 
 657 0130 88887808 		.ascii	"\210\210x\010Hp\000\000\000\000\000\000 \000\000\000"
 657      48700000 
 657      00000000 
 657      20000000 
 658 0140 00200000 		.ascii	"\000 \000\000\000\000\000\000\000 \000\000\000  \000"
 658      00000000 
 658      00200000 
 658      00202000 
 659 0150 00040810 		.ascii	"\000\004\010\020 @ \020\010\004\000\000\000\000\000"
 659      20402010 
 659      08040000 
 659      000000
 660 015f 00F80000 		.ascii	"\000\370\000\000\370\000\000\000\000\000@ \020\010\004"
 660      F8000000 
 660      00004020 
 660      100804
 661 016e 08102040 		.ascii	"\010\020 @\000\000\000\000p\210\210\020  \000 \000\000"
 661      00000000 
 661      70888810 
 661      20200020 
 661      0000
 662 0180 00007088 		.ascii	"\000\000p\210\230\250\250\270\200x\000\000\000\000 "
 662      98A8A8B8 
 662      80780000 
 662      000020
 663 018f 20305050 		.ascii	" 0PPxH\314\000\000\000\000\360HHpHHH\360\000\000\000"
 663      7848CC00 
 663      000000F0 
 663      48487048 
 663      4848F000 
 664 01a5 00788880 		.ascii	"\000x\210\200\200\200\200\210p\000\000\000\000\360H"
 664      80808088 
 664      70000000 
 664      00F048
 665 01b4 48484848 		.ascii	"HHHHH\360\000\000\000\000\370HPpP@H\370\000\000\000"
 665      48F00000 
 665      0000F848 
 665      50705040 
 665      48F80000 
 666 01c9 00F84850 		.ascii	"\000\370HPpP@@\340\000\000\000\0008H\200\200\234\210"
 666      70504040 
 666      E0000000 
ARM GAS  /var/folders/_5/7dt5dlyd7598cb98063hl5tr0000gn/T//cc0ElJ2O.s 			page 24


 666      00384880 
 666      809C88
 667 01dc 48300000 		.ascii	"H0\000\000\000\000\314HHxHHH\314\000\000\000\000\370"
 667      0000CC48 
 667      48784848 
 667      48CC0000 
 667      0000F8
 668 01ef 20202020 		.ascii	"      \370\000\000\000\000|\020\020\020\020\020\020"
 668      2020F800 
 668      0000007C 
 668      10101010 
 668      1010
 669 0201 90E00000 		.ascii	"\220\340\000\000\000\354HP`PPH\354\000\000\000\000\340"
 669      00EC4850 
 669      60505048 
 669      EC000000 
 669      00E0
 670 0213 40404040 		.ascii	"@@@@@D\374\000\000\000\000\330\330\330\330\250\250\250"
 670      4044FC00 
 670      000000D8 
 670      D8D8D8A8 
 670      A8A8
 671 0225 A8000000 		.ascii	"\250\000\000\000\000\334HhhXXH\350\000\000\000\000p"
 671      00DC4868 
 671      68585848 
 671      E8000000 
 671      0070
 672 0237 88888888 		.ascii	"\210\210\210\210\210\210p\000\000\000\000\360HHp@@@"
 672      88887000 
 672      000000F0 
 672      48487040 
 672      4040
 673 0249 E0000000 		.ascii	"\340\000\000\000\000p\210\210\210\210\350\230p\030\000"
 673      00708888 
 673      8888E898 
 673      701800
 674 0258 0000F048 		.ascii	"\000\000\360HHpPHH\354\000\000\000\000x\210\200`\020"
 674      48705048 
 674      48EC0000 
 674      00007888 
 674      806010
 675 026b 0888F000 		.ascii	"\010\210\360\000\000\000\000\370\250     p\000\000\000"
 675      000000F8 
 675      A8202020 
 675      20207000 
 675      0000
 676 027d 00CC4848 		.ascii	"\000\314HHHHHH0\000\000\000\000\314HHPP0  \000\000\000"
 676      48484848 
 676      30000000 
 676      00CC4848 
 676      50503020 
 677 0295 00A8A8A8 		.ascii	"\000\250\250\250pPPPP\000\000\000\000\330PP  PP\330"
 677      70505050 
 677      50000000 
 677      00D85050 
 677      20205050 
 678 02aa 00000000 		.ascii	"\000\000\000\000\330PP    p\000\000\000\000\370\220"
ARM GAS  /var/folders/_5/7dt5dlyd7598cb98063hl5tr0000gn/T//cc0ElJ2O.s 			page 25


 678      D8505020 
 678      20202070 
 678      00000000 
 678      F890
 679 02bc 10202040 		.ascii	"\020  @H\370\000\000\0008        8\000\000@@@  \020"
 679      48F80000 
 679      00382020 
 679      20202020 
 679      20203800 
 680 02d7 10100800 		.ascii	"\020\020\010\000\000\000p\020\020\020\020\020\020\020"
 680      00007010 
 680      10101010 
 680      1010
 681 02e5 10700000 		.ascii	"\020p\000\000 P\000\000\000\000\000\000\000\000\000"
 681      20500000 
 681      00000000 
 681      000000
 682 02f4 00000000 		.ascii	"\000\000\000\000\000\000\000\000\000\000\000\374\000"
 682      00000000 
 682      000000FC 
 682      00
 683 0301 20000000 		.ascii	" \000\000\000\000\000\000\000\000\000\000\000\000\000"
 683      00000000 
 683      00000000 
 683      0000
 684 030f 00003048 		.ascii	"\000\0000H8H<\000\000\000\000\300@@pHHHp\000\000\000"
 684      38483C00 
 684      000000C0 
 684      40407048 
 684      48487000 
 685 0325 00000000 		.ascii	"\000\000\000\0008H@@8\000\000\000\000\030\010\0108H"
 685      38484040 
 685      38000000 
 685      00180808 
 685      3848
 686 0337 48483C00 		.ascii	"HH<\000\000\000\000\000\000\0000Hx@8\000\000\000\000"
 686      00000000 
 686      00003048 
 686      78403800 
 686      000000
 687 034a 1C202078 		.ascii	"\034  x   x\000\000\000\000\000\000\000<H0@xD8\000\000"
 687      20202078 
 687      00000000 
 687      0000003C 
 687      48304078 
 688 0362 C0404070 		.ascii	"\300@@pHHH\354\000\000\000\000 \000\000`   p\000\000"
 688      484848EC 
 688      00000000 
 688      20000060 
 688      20202070 
 689 0378 00001000 		.ascii	"\000\000\020\000\0000\020\020\020\020\020\340\000\000"
 689      00301010 
 689      101010E0 
 689      0000
 690 0386 C040405C 		.ascii	"\300@@\\PpH\354\000\000\000\000\340      \370\000\000"
 690      507048EC 
 690      00000000 
ARM GAS  /var/folders/_5/7dt5dlyd7598cb98063hl5tr0000gn/T//cc0ElJ2O.s 			page 26


 690      E0202020 
 690      202020F8 
 691 039c 00000000 		.ascii	"\000\000\000\000\000\360\250\250\250\250\000\000\000"
 691      00F0A8A8 
 691      A8A80000 
 691      00
 692 03a9 00000000 		.ascii	"\000\000\000\000\360HHH\354\000\000\000\000\000\000"
 692      F0484848 
 692      EC000000 
 692      000000
 693 03b8 00304848 		.ascii	"\0000HHH0\000\000\000\000\000\000\000\360HHHp@\340\000"
 693      48300000 
 693      00000000 
 693      00F04848 
 693      487040E0 
 694 03cd 00000000 		.ascii	"\000\000\000\0008HHH8\010\034\000\000\000\000\000\330"
 694      38484848 
 694      38081C00 
 694      00000000 
 694      D8
 695 03de 604040E0 		.ascii	"`@@\340\000\000\000\000\000\000\000x@0\010x\000\000"
 695      00000000 
 695      00000078 
 695      40300878 
 695      0000
 696 03f0 00000020 		.ascii	"\000\000\000  p   \030\000\000\000\000\000\000\000\330"
 696      20702020 
 696      20180000 
 696      00000000 
 696      00D8
 697 0402 4848483C 		.ascii	"HHH<\000\000\000\000\000\000\000\354HP0 \000\000\000"
 697      00000000 
 697      000000EC 
 697      48503020 
 697      000000
 698 0415 00000000 		.ascii	"\000\000\000\000\250\250pPP\000\000\000\000\000\000"
 698      A8A87050 
 698      50000000 
 698      000000
 699 0424 00D85020 		.ascii	"\000\330P P\330\000\000\000\000\000\000\000\354HP0 "
 699      50D80000 
 699      00000000 
 699      00EC4850 
 699      3020
 700 0436 20C00000 		.ascii	" \300\000\000\000\000\000x\020  x\000\000\000\030\020"
 700      00000078 
 700      10202078 
 700      00000018 
 700      10
 701 0447 10102010 		.ascii	"\020\020 \020\020\020\020\030\000\020\020\020\020\020"
 701      10101018 
 701      00101010 
 701      1010
 702 0455 10101010 		.ascii	"\020\020\020\020\020\020\020\000`   \020    `\000@\244"
 702      10101000 
 702      60202020 
 702      10202020 
ARM GAS  /var/folders/_5/7dt5dlyd7598cb98063hl5tr0000gn/T//cc0ElJ2O.s 			page 27


 702      20600040 
 703 046a 18000000 		.ascii	"\030\000\000\000\000\000\000\000\000\000"
 703      00000000 
 703      0000
 704              		.text
 705              	.Letext0:
 706              		.file 3 "/Users/tom/Library/Application Support/Code/User/globalStorage/bmd.stm32-for-vscode/@xpac
 707              		.file 4 "/Users/tom/Library/Application Support/Code/User/globalStorage/bmd.stm32-for-vscode/@xpac
 708              		.file 5 "Drivers/CMSIS/Device/ST/STM32F0xx/Include/stm32f030x8.h"
 709              		.file 6 "Drivers/STM32F0xx_HAL_Driver/Inc/stm32f0xx_hal_def.h"
 710              		.file 7 "Drivers/STM32F0xx_HAL_Driver/Inc/stm32f0xx_hal_rcc.h"
 711              		.file 8 "Drivers/STM32F0xx_HAL_Driver/Inc/stm32f0xx_hal_rcc_ex.h"
 712              		.file 9 "Drivers/STM32F0xx_HAL_Driver/Inc/stm32f0xx_hal_gpio.h"
 713              		.file 10 "Drivers/STM32F0xx_HAL_Driver/Inc/stm32f0xx_hal_dma.h"
 714              		.file 11 "Drivers/STM32F0xx_HAL_Driver/Inc/stm32f0xx_hal_i2c.h"
 715              		.file 12 "Drivers/STM32F0xx_HAL_Driver/Inc/stm32f0xx_hal_uart.h"
 716              		.file 13 "Core/Inc/default_font.h"
 717              		.file 14 "Drivers/STM32F0xx_HAL_Driver/Inc/stm32f0xx_hal_i2c_ex.h"
 718              		.file 15 "Drivers/STM32F0xx_HAL_Driver/Inc/stm32f0xx_hal.h"
 719              		.file 16 "Core/Inc/er_tft040.h"
 720              		.file 17 "<built-in>"
ARM GAS  /var/folders/_5/7dt5dlyd7598cb98063hl5tr0000gn/T//cc0ElJ2O.s 			page 28


DEFINED SYMBOLS
                            *ABS*:0000000000000000 main.c
/var/folders/_5/7dt5dlyd7598cb98063hl5tr0000gn/T//cc0ElJ2O.s:19     .text.MX_GPIO_Init:0000000000000000 $t
/var/folders/_5/7dt5dlyd7598cb98063hl5tr0000gn/T//cc0ElJ2O.s:24     .text.MX_GPIO_Init:0000000000000000 MX_GPIO_Init
/var/folders/_5/7dt5dlyd7598cb98063hl5tr0000gn/T//cc0ElJ2O.s:218    .text.MX_GPIO_Init:00000000000000d8 $d
/var/folders/_5/7dt5dlyd7598cb98063hl5tr0000gn/T//cc0ElJ2O.s:226    .text.Error_Handler:0000000000000000 $t
/var/folders/_5/7dt5dlyd7598cb98063hl5tr0000gn/T//cc0ElJ2O.s:232    .text.Error_Handler:0000000000000000 Error_Handler
/var/folders/_5/7dt5dlyd7598cb98063hl5tr0000gn/T//cc0ElJ2O.s:264    .text.MX_I2C2_Init:0000000000000000 $t
/var/folders/_5/7dt5dlyd7598cb98063hl5tr0000gn/T//cc0ElJ2O.s:269    .text.MX_I2C2_Init:0000000000000000 MX_I2C2_Init
/var/folders/_5/7dt5dlyd7598cb98063hl5tr0000gn/T//cc0ElJ2O.s:354    .text.MX_I2C2_Init:000000000000004c $d
/var/folders/_5/7dt5dlyd7598cb98063hl5tr0000gn/T//cc0ElJ2O.s:631    .bss.hi2c2:0000000000000000 hi2c2
/var/folders/_5/7dt5dlyd7598cb98063hl5tr0000gn/T//cc0ElJ2O.s:361    .text.MX_USART1_UART_Init:0000000000000000 $t
/var/folders/_5/7dt5dlyd7598cb98063hl5tr0000gn/T//cc0ElJ2O.s:366    .text.MX_USART1_UART_Init:0000000000000000 MX_USART1_UART_Init
/var/folders/_5/7dt5dlyd7598cb98063hl5tr0000gn/T//cc0ElJ2O.s:429    .text.MX_USART1_UART_Init:0000000000000030 $d
/var/folders/_5/7dt5dlyd7598cb98063hl5tr0000gn/T//cc0ElJ2O.s:624    .bss.huart1:0000000000000000 huart1
/var/folders/_5/7dt5dlyd7598cb98063hl5tr0000gn/T//cc0ElJ2O.s:435    .text.SystemClock_Config:0000000000000000 $t
/var/folders/_5/7dt5dlyd7598cb98063hl5tr0000gn/T//cc0ElJ2O.s:441    .text.SystemClock_Config:0000000000000000 SystemClock_Config
/var/folders/_5/7dt5dlyd7598cb98063hl5tr0000gn/T//cc0ElJ2O.s:563    .text.main:0000000000000000 $t
/var/folders/_5/7dt5dlyd7598cb98063hl5tr0000gn/T//cc0ElJ2O.s:569    .text.main:0000000000000000 main
/var/folders/_5/7dt5dlyd7598cb98063hl5tr0000gn/T//cc0ElJ2O.s:615    .text.main:000000000000002c $d
/var/folders/_5/7dt5dlyd7598cb98063hl5tr0000gn/T//cc0ElJ2O.s:638    .data.defaultFont:0000000000000000 defaultFont
/var/folders/_5/7dt5dlyd7598cb98063hl5tr0000gn/T//cc0ElJ2O.s:621    .bss.huart1:0000000000000000 $d
/var/folders/_5/7dt5dlyd7598cb98063hl5tr0000gn/T//cc0ElJ2O.s:628    .bss.hi2c2:0000000000000000 $d
/var/folders/_5/7dt5dlyd7598cb98063hl5tr0000gn/T//cc0ElJ2O.s:635    .data.defaultFont:0000000000000000 $d

UNDEFINED SYMBOLS
memset
HAL_GPIO_WritePin
HAL_GPIO_Init
HAL_I2C_Init
HAL_I2CEx_ConfigAnalogFilter
HAL_I2CEx_ConfigDigitalFilter
HAL_UART_Init
HAL_RCC_OscConfig
HAL_RCC_ClockConfig
HAL_RCCEx_PeriphCLKConfig
HAL_Init
ER_TFT040_init
ER_TFT040_textTest
HAL_Delay
